2018-10-15T20:51:10.648-0400 I CONTROL  [main] Trying to start Windows service 'MongoDB'
2018-10-15T20:51:10.658-0400 I CONTROL  [initandlisten] MongoDB starting : pid=7732 port=27017 dbpath=C:\Users\Jim\Box Sync\repository\careerdevs\mongoDB\data\db 64-bit host=HAL-9000
2018-10-15T20:51:10.658-0400 I CONTROL  [initandlisten] targetMinOS: Windows 7/Windows Server 2008 R2
2018-10-15T20:51:10.658-0400 I CONTROL  [initandlisten] db version v4.0.3
2018-10-15T20:51:10.658-0400 I CONTROL  [initandlisten] git version: 7ea530946fa7880364d88c8d8b6026bbc9ffa48c
2018-10-15T20:51:10.659-0400 I CONTROL  [initandlisten] allocator: tcmalloc
2018-10-15T20:51:10.659-0400 I CONTROL  [initandlisten] modules: none
2018-10-15T20:51:10.659-0400 I CONTROL  [initandlisten] build environment:
2018-10-15T20:51:10.659-0400 I CONTROL  [initandlisten]     distmod: 2008plus-ssl
2018-10-15T20:51:10.659-0400 I CONTROL  [initandlisten]     distarch: x86_64
2018-10-15T20:51:10.659-0400 I CONTROL  [initandlisten]     target_arch: x86_64
2018-10-15T20:51:10.660-0400 I CONTROL  [initandlisten] options: { config: "C:\MongoDB\bin\mongod.cfg", net: { bindIp: "127.0.0.1", port: 27017 }, service: true, storage: { dbPath: "C:\Users\Jim\Box Sync\repository\careerdevs\mongoDB\data\db", journal: { enabled: true } }, systemLog: { destination: "file", logAppend: true, path: "C:\Users\Jim\Box Sync\repository\careerdevs\mongoDB\data\log\mongod.log" } }
2018-10-15T20:51:10.666-0400 I STORAGE  [initandlisten] Detected data files in C:\Users\Jim\Box Sync\repository\careerdevs\mongoDB\data\db created by the 'wiredTiger' storage engine, so setting the active storage engine to 'wiredTiger'.
2018-10-15T20:51:10.667-0400 I STORAGE  [initandlisten] wiredtiger_open config: create,cache_size=1477M,session_max=20000,eviction=(threads_min=4,threads_max=4),config_base=false,statistics=(fast),log=(enabled=true,archive=true,path=journal,compressor=snappy),file_manager=(close_idle_time=100000),statistics_log=(wait=0),verbose=(recovery_progress),
2018-10-15T20:51:12.297-0400 I STORAGE  [initandlisten] WiredTiger message [1539651072:297890][7732:140716391075968], txn-recover: Main recovery loop: starting at 3/5760
2018-10-15T20:51:12.878-0400 I STORAGE  [initandlisten] WiredTiger message [1539651072:877930][7732:140716391075968], txn-recover: Recovering log 3 through 4
2018-10-15T20:51:13.196-0400 I STORAGE  [initandlisten] WiredTiger message [1539651073:195948][7732:140716391075968], txn-recover: Recovering log 4 through 4
2018-10-15T20:51:13.327-0400 I STORAGE  [initandlisten] WiredTiger message [1539651073:326963][7732:140716391075968], txn-recover: Set global recovery timestamp: 0
2018-10-15T20:51:13.404-0400 I RECOVERY [initandlisten] WiredTiger recoveryTimestamp. Ts: Timestamp(0, 0)
2018-10-15T20:51:13.516-0400 I CONTROL  [initandlisten] 
2018-10-15T20:51:13.516-0400 I CONTROL  [initandlisten] ** WARNING: Access control is not enabled for the database.
2018-10-15T20:51:13.516-0400 I CONTROL  [initandlisten] **          Read and write access to data and configuration is unrestricted.
2018-10-15T20:51:13.516-0400 I CONTROL  [initandlisten] 
2018-10-15T20:51:14.936-0400 I FTDC     [initandlisten] Initializing full-time diagnostic data capture with directory 'C:/Users/Jim/Box Sync/repository/careerdevs/mongoDB/data/db/diagnostic.data'
2018-10-15T20:51:14.939-0400 I NETWORK  [initandlisten] waiting for connections on port 27017
2018-10-15T20:51:14.939-0400 I STORAGE  [initandlisten] Service running
2018-10-15T20:59:19.465-0400 I NETWORK  [listener] connection accepted from 127.0.0.1:53161 #1 (1 connection now open)
2018-10-15T20:59:19.466-0400 I NETWORK  [conn1] received client metadata from 127.0.0.1:53161 conn1: { application: { name: "MongoDB Shell" }, driver: { name: "MongoDB Internal Client", version: "4.0.3" }, os: { type: "Windows", name: "Microsoft Windows 8.1", architecture: "x86_64", version: "6.3 (build 9600)" } }
2018-10-15T20:59:41.172-0400 I NETWORK  [conn1] end connection 127.0.0.1:53161 (0 connections now open)
2018-10-15T21:00:30.894-0400 I CONTROL  [serviceShutdown] got SERVICE_CONTROL_STOP request from Windows Service Control Manager, will terminate after current cmd ends
2018-10-15T21:00:30.894-0400 I NETWORK  [serviceShutdown] shutdown: going to close listening sockets...
2018-10-15T21:00:30.895-0400 I CONTROL  [serviceShutdown] Shutting down free monitoring
2018-10-15T21:00:30.895-0400 I FTDC     [serviceShutdown] Shutting down full-time diagnostic data capture
2018-10-15T21:00:30.913-0400 I STORAGE  [serviceShutdown] WiredTigerKVEngine shutting down
2018-10-15T21:00:31.031-0400 I STORAGE  [serviceShutdown] shutdown: removing fs lock...
2018-10-15T21:00:31.031-0400 I CONTROL  [serviceShutdown] now exiting
